<?xml version="1.0" encoding="UTF-8"?>
<!-- Generated by org.testng.reporters.JUnitXMLReporter -->
<testsuite hostname="CA00057047" name="Default test" tests="14" failures="0" timestamp="14 Dec 2015 06:31:23 GMT" time="22.752" errors="0">
  <testcase name="testOpenDemoQAHomePage" time="2.89" classname="com.projectStore.testPages.TestProjectStorePages"/>
  <testcase name="testMenuItemAccessories" time="3.05" classname="com.projectStore.testPages.TestProjectStorePages"/>
  <testcase name="testButtonAddToCart" time="0.848" classname="com.projectStore.testPages.TestProjectStorePages"/>
  <testcase name="testButtonCheckOut" time="2.345" classname="com.projectStore.testPages.TestProjectStorePages"/>
  <testcase name="testCheckOutPageProductPrice" time="0.068" classname="com.projectStore.testPages.TestProjectStorePages"/>
  <testcase name="testCheckOutPageQuantity" time="0.042" classname="com.projectStore.testPages.TestProjectStorePages"/>
  <testcase name="testCheckOutPageTotalProductPrice" time="0.054" classname="com.projectStore.testPages.TestProjectStorePages"/>
  <testcase name="testButtonContinue" time="2.476" classname="com.projectStore.testPages.TestProjectStorePages"/>
  <testcase name="testButtonPurchase" time="6.0" classname="com.projectStore.testPages.TestProjectStorePages"/>
  <testcase name="testResultPageProductFinalCost" time="0.039" classname="com.projectStore.testPages.TestProjectStorePages"/>
  <testcase name="testResultPageProductName" time="0.169" classname="com.projectStore.testPages.TestProjectStorePages"/>
  <testcase name="testResultPageProductPrice" time="0.148" classname="com.projectStore.testPages.TestProjectStorePages"/>
  <testcase name="testResultPageProductQuantity" time="0.129" classname="com.projectStore.testPages.TestProjectStorePages"/>
  <testcase name="testResultPageProductTotalPrice" time="0.115" classname="com.projectStore.testPages.TestProjectStorePages"/>
</testsuite> <!-- Default test -->
